<?xml version="1.0" encoding="UTF-8"?>
<testsuite xmlns:xsi="http://www.w3.org/2001/XMLSchema-instance" xsi:noNamespaceSchemaLocation="https://maven.apache.org/surefire/maven-surefire-plugin/xsd/surefire-test-report.xsd" name="br.com.coradini.springflowableexample.ArticleWorkflowIntegrationTest" time="0.232" tests="1" errors="0" skipped="0" failures="0">
  <properties>
    <property name="sun.desktop" value="gnome"/>
    <property name="awt.toolkit" value="sun.awt.X11.XToolkit"/>
    <property name="file.encoding.pkg" value="sun.io"/>
    <property name="java.specification.version" value="1.8"/>
    <property name="sun.cpu.isalist" value=""/>
    <property name="sun.jnu.encoding" value="UTF-8"/>
    <property name="java.class.path" value="/home/mateus.coradini/projects/dafiti/spring-flowable-example/target/test-classes:/home/mateus.coradini/projects/dafiti/spring-flowable-example/target/classes:/home/mateus.coradini/.m2/repository/org/springframework/boot/spring-boot-starter-web/2.2.0.BUILD-SNAPSHOT/spring-boot-starter-web-2.2.0.BUILD-SNAPSHOT.jar:/home/mateus.coradini/.m2/repository/org/springframework/boot/spring-boot-starter/2.2.0.BUILD-SNAPSHOT/spring-boot-starter-2.2.0.BUILD-SNAPSHOT.jar:/home/mateus.coradini/.m2/repository/org/springframework/boot/spring-boot/2.2.0.BUILD-SNAPSHOT/spring-boot-2.2.0.BUILD-SNAPSHOT.jar:/home/mateus.coradini/.m2/repository/org/springframework/boot/spring-boot-autoconfigure/2.2.0.BUILD-SNAPSHOT/spring-boot-autoconfigure-2.2.0.BUILD-SNAPSHOT.jar:/home/mateus.coradini/.m2/repository/org/springframework/boot/spring-boot-starter-logging/2.2.0.BUILD-SNAPSHOT/spring-boot-starter-logging-2.2.0.BUILD-SNAPSHOT.jar:/home/mateus.coradini/.m2/repository/ch/qos/logback/logback-classic/1.2.3/logback-classic-1.2.3.jar:/home/mateus.coradini/.m2/repository/ch/qos/logback/logback-core/1.2.3/logback-core-1.2.3.jar:/home/mateus.coradini/.m2/repository/org/apache/logging/log4j/log4j-to-slf4j/2.11.2/log4j-to-slf4j-2.11.2.jar:/home/mateus.coradini/.m2/repository/org/apache/logging/log4j/log4j-api/2.11.2/log4j-api-2.11.2.jar:/home/mateus.coradini/.m2/repository/org/slf4j/jul-to-slf4j/1.7.26/jul-to-slf4j-1.7.26.jar:/home/mateus.coradini/.m2/repository/jakarta/annotation/jakarta.annotation-api/1.3.4/jakarta.annotation-api-1.3.4.jar:/home/mateus.coradini/.m2/repository/org/yaml/snakeyaml/1.24/snakeyaml-1.24.jar:/home/mateus.coradini/.m2/repository/org/springframework/boot/spring-boot-starter-json/2.2.0.BUILD-SNAPSHOT/spring-boot-starter-json-2.2.0.BUILD-SNAPSHOT.jar:/home/mateus.coradini/.m2/repository/com/fasterxml/jackson/core/jackson-databind/2.9.9/jackson-databind-2.9.9.jar:/home/mateus.coradini/.m2/repository/com/fasterxml/jackson/core/jackson-annotations/2.9.0/jackson-annotations-2.9.0.jar:/home/mateus.coradini/.m2/repository/com/fasterxml/jackson/datatype/jackson-datatype-jdk8/2.9.9/jackson-datatype-jdk8-2.9.9.jar:/home/mateus.coradini/.m2/repository/com/fasterxml/jackson/datatype/jackson-datatype-jsr310/2.9.9/jackson-datatype-jsr310-2.9.9.jar:/home/mateus.coradini/.m2/repository/com/fasterxml/jackson/module/jackson-module-parameter-names/2.9.9/jackson-module-parameter-names-2.9.9.jar:/home/mateus.coradini/.m2/repository/org/springframework/boot/spring-boot-starter-tomcat/2.2.0.BUILD-SNAPSHOT/spring-boot-starter-tomcat-2.2.0.BUILD-SNAPSHOT.jar:/home/mateus.coradini/.m2/repository/org/apache/tomcat/embed/tomcat-embed-core/9.0.20/tomcat-embed-core-9.0.20.jar:/home/mateus.coradini/.m2/repository/org/apache/tomcat/embed/tomcat-embed-el/9.0.20/tomcat-embed-el-9.0.20.jar:/home/mateus.coradini/.m2/repository/org/apache/tomcat/embed/tomcat-embed-websocket/9.0.20/tomcat-embed-websocket-9.0.20.jar:/home/mateus.coradini/.m2/repository/org/springframework/boot/spring-boot-starter-validation/2.2.0.BUILD-SNAPSHOT/spring-boot-starter-validation-2.2.0.BUILD-SNAPSHOT.jar:/home/mateus.coradini/.m2/repository/jakarta/validation/jakarta.validation-api/2.0.1/jakarta.validation-api-2.0.1.jar:/home/mateus.coradini/.m2/repository/org/hibernate/validator/hibernate-validator/6.0.16.Final/hibernate-validator-6.0.16.Final.jar:/home/mateus.coradini/.m2/repository/org/jboss/logging/jboss-logging/3.4.0.Final/jboss-logging-3.4.0.Final.jar:/home/mateus.coradini/.m2/repository/com/fasterxml/classmate/1.5.0/classmate-1.5.0.jar:/home/mateus.coradini/.m2/repository/org/springframework/spring-web/5.2.0.BUILD-SNAPSHOT/spring-web-5.2.0.BUILD-SNAPSHOT.jar:/home/mateus.coradini/.m2/repository/org/springframework/spring-beans/5.2.0.BUILD-SNAPSHOT/spring-beans-5.2.0.BUILD-SNAPSHOT.jar:/home/mateus.coradini/.m2/repository/org/springframework/spring-webmvc/5.2.0.BUILD-SNAPSHOT/spring-webmvc-5.2.0.BUILD-SNAPSHOT.jar:/home/mateus.coradini/.m2/repository/org/springframework/spring-aop/5.2.0.BUILD-SNAPSHOT/spring-aop-5.2.0.BUILD-SNAPSHOT.jar:/home/mateus.coradini/.m2/repository/org/springframework/spring-context/5.2.0.BUILD-SNAPSHOT/spring-context-5.2.0.BUILD-SNAPSHOT.jar:/home/mateus.coradini/.m2/repository/org/springframework/spring-expression/5.2.0.BUILD-SNAPSHOT/spring-expression-5.2.0.BUILD-SNAPSHOT.jar:/home/mateus.coradini/.m2/repository/org/flowable/flowable-spring-boot-starter/6.4.1/flowable-spring-boot-starter-6.4.1.jar:/home/mateus.coradini/.m2/repository/org/flowable/flowable-spring-boot-autoconfigure/6.4.1/flowable-spring-boot-autoconfigure-6.4.1.jar:/home/mateus.coradini/.m2/repository/org/flowable/flowable-spring-security/6.4.1/flowable-spring-security-6.4.1.jar:/home/mateus.coradini/.m2/repository/org/flowable/flowable-engine-common-api/6.4.1/flowable-engine-common-api-6.4.1.jar:/home/mateus.coradini/.m2/repository/org/flowable/flowable-idm-api/6.4.1/flowable-idm-api-6.4.1.jar:/home/mateus.coradini/.m2/repository/org/flowable/flowable-spring-boot-starter-app/6.4.1/flowable-spring-boot-starter-app-6.4.1.jar:/home/mateus.coradini/.m2/repository/org/flowable/flowable-app-engine/6.4.1/flowable-app-engine-6.4.1.jar:/home/mateus.coradini/.m2/repository/org/flowable/flowable-app-engine-api/6.4.1/flowable-app-engine-api-6.4.1.jar:/home/mateus.coradini/.m2/repository/org/flowable/flowable-idm-engine/6.4.1/flowable-idm-engine-6.4.1.jar:/home/mateus.coradini/.m2/repository/commons-codec/commons-codec/1.12/commons-codec-1.12.jar:/home/mateus.coradini/.m2/repository/org/flowable/flowable-variable-service/6.4.1/flowable-variable-service-6.4.1.jar:/home/mateus.coradini/.m2/repository/org/flowable/flowable-identitylink-service/6.4.1/flowable-identitylink-service-6.4.1.jar:/home/mateus.coradini/.m2/repository/org/flowable/flowable-identitylink-service-api/6.4.1/flowable-identitylink-service-api-6.4.1.jar:/home/mateus.coradini/.m2/repository/org/liquibase/liquibase-core/3.6.3/liquibase-core-3.6.3.jar:/home/mateus.coradini/.m2/repository/com/fasterxml/uuid/java-uuid-generator/3.1.5/java-uuid-generator-3.1.5.jar:/home/mateus.coradini/.m2/repository/org/flowable/flowable-dmn-api/6.4.1/flowable-dmn-api-6.4.1.jar:/home/mateus.coradini/.m2/repository/org/flowable/flowable-app-engine-spring/6.4.1/flowable-app-engine-spring-6.4.1.jar:/home/mateus.coradini/.m2/repository/org/springframework/spring-tx/5.2.0.BUILD-SNAPSHOT/spring-tx-5.2.0.BUILD-SNAPSHOT.jar:/home/mateus.coradini/.m2/repository/org/flowable/flowable-spring-boot-starter-process/6.4.1/flowable-spring-boot-starter-process-6.4.1.jar:/home/mateus.coradini/.m2/repository/org/flowable/flowable-engine/6.4.1/flowable-engine-6.4.1.jar:/home/mateus.coradini/.m2/repository/org/flowable/flowable-bpmn-converter/6.4.1/flowable-bpmn-converter-6.4.1.jar:/home/mateus.coradini/.m2/repository/org/flowable/flowable-process-validation/6.4.1/flowable-process-validation-6.4.1.jar:/home/mateus.coradini/.m2/repository/org/flowable/flowable-entitylink-service/6.4.1/flowable-entitylink-service-6.4.1.jar:/home/mateus.coradini/.m2/repository/org/flowable/flowable-entitylink-service-api/6.4.1/flowable-entitylink-service-api-6.4.1.jar:/home/mateus.coradini/.m2/repository/org/flowable/flowable-task-service/6.4.1/flowable-task-service-6.4.1.jar:/home/mateus.coradini/.m2/repository/org/flowable/flowable-task-service-api/6.4.1/flowable-task-service-api-6.4.1.jar:/home/mateus.coradini/.m2/repository/org/flowable/flowable-job-service/6.4.1/flowable-job-service-6.4.1.jar:/home/mateus.coradini/.m2/repository/org/flowable/flowable-job-service-api/6.4.1/flowable-job-service-api-6.4.1.jar:/home/mateus.coradini/.m2/repository/org/flowable/flowable-cmmn-api/6.4.1/flowable-cmmn-api-6.4.1.jar:/home/mateus.coradini/.m2/repository/org/flowable/flowable-cmmn-model/6.4.1/flowable-cmmn-model-6.4.1.jar:/home/mateus.coradini/.m2/repository/org/flowable/flowable-form-model/6.4.1/flowable-form-model-6.4.1.jar:/home/mateus.coradini/.m2/repository/org/flowable/flowable-content-api/6.4.1/flowable-content-api-6.4.1.jar:/home/mateus.coradini/.m2/repository/org/apache/commons/commons-email/1.5/commons-email-1.5.jar:/home/mateus.coradini/.m2/repository/com/sun/mail/javax.mail/1.5.6/javax.mail-1.5.6.jar:/home/mateus.coradini/.m2/repository/javax/activation/activation/1.1/activation-1.1.jar:/home/mateus.coradini/.m2/repository/org/mybatis/mybatis/3.4.6/mybatis-3.4.6.jar:/home/mateus.coradini/.m2/repository/joda-time/joda-time/2.10.2/joda-time-2.10.2.jar:/home/mateus.coradini/.m2/repository/org/flowable/flowable-spring/6.4.1/flowable-spring-6.4.1.jar:/home/mateus.coradini/.m2/repository/org/flowable/flowable-job-spring-service/6.4.1/flowable-job-spring-service-6.4.1.jar:/home/mateus.coradini/.m2/repository/org/springframework/spring-orm/5.2.0.BUILD-SNAPSHOT/spring-orm-5.2.0.BUILD-SNAPSHOT.jar:/home/mateus.coradini/.m2/repository/org/flowable/flowable-spring-boot-starter-cmmn/6.4.1/flowable-spring-boot-starter-cmmn-6.4.1.jar:/home/mateus.coradini/.m2/repository/org/flowable/flowable-cmmn-engine/6.4.1/flowable-cmmn-engine-6.4.1.jar:/home/mateus.coradini/.m2/repository/org/flowable/flowable-cmmn-image-generator/6.4.1/flowable-cmmn-image-generator-6.4.1.jar:/home/mateus.coradini/.m2/repository/org/flowable/flowable-cmmn-converter/6.4.1/flowable-cmmn-converter-6.4.1.jar:/home/mateus.coradini/.m2/repository/org/flowable/flowable-cmmn-spring/6.4.1/flowable-cmmn-spring-6.4.1.jar:/home/mateus.coradini/.m2/repository/org/flowable/flowable-spring-boot-starter-dmn/6.4.1/flowable-spring-boot-starter-dmn-6.4.1.jar:/home/mateus.coradini/.m2/repository/org/flowable/flowable-dmn-engine/6.4.1/flowable-dmn-engine-6.4.1.jar:/home/mateus.coradini/.m2/repository/org/flowable/flowable-dmn-model/6.4.1/flowable-dmn-model-6.4.1.jar:/home/mateus.coradini/.m2/repository/org/flowable/flowable-dmn-xml-converter/6.4.1/flowable-dmn-xml-converter-6.4.1.jar:/home/mateus.coradini/.m2/repository/commons-logging/commons-logging/1.2/commons-logging-1.2.jar:/home/mateus.coradini/.m2/repository/org/flowable/flowable-dmn-spring/6.4.1/flowable-dmn-spring-6.4.1.jar:/home/mateus.coradini/.m2/repository/org/springframework/boot/spring-boot-starter-jdbc/2.2.0.BUILD-SNAPSHOT/spring-boot-starter-jdbc-2.2.0.BUILD-SNAPSHOT.jar:/home/mateus.coradini/.m2/repository/com/zaxxer/HikariCP/3.3.1/HikariCP-3.3.1.jar:/home/mateus.coradini/.m2/repository/org/springframework/spring-jdbc/5.2.0.BUILD-SNAPSHOT/spring-jdbc-5.2.0.BUILD-SNAPSHOT.jar:/home/mateus.coradini/.m2/repository/org/flowable/flowable-spring-configurator/6.4.1/flowable-spring-configurator-6.4.1.jar:/home/mateus.coradini/.m2/repository/org/flowable/flowable-engine-configurator/6.4.1/flowable-engine-configurator-6.4.1.jar:/home/mateus.coradini/.m2/repository/org/flowable/flowable-cmmn-spring-configurator/6.4.1/flowable-cmmn-spring-configurator-6.4.1.jar:/home/mateus.coradini/.m2/repository/org/flowable/flowable-cmmn-engine-configurator/6.4.1/flowable-cmmn-engine-configurator-6.4.1.jar:/home/mateus.coradini/.m2/repository/org/flowable/flowable-dmn-spring-configurator/6.4.1/flowable-dmn-spring-configurator-6.4.1.jar:/home/mateus.coradini/.m2/repository/org/flowable/flowable-dmn-engine-configurator/6.4.1/flowable-dmn-engine-configurator-6.4.1.jar:/home/mateus.coradini/.m2/repository/org/flowable/flowable-form-spring-configurator/6.4.1/flowable-form-spring-configurator-6.4.1.jar:/home/mateus.coradini/.m2/repository/org/flowable/flowable-form-spring/6.4.1/flowable-form-spring-6.4.1.jar:/home/mateus.coradini/.m2/repository/org/flowable/flowable-form-engine-configurator/6.4.1/flowable-form-engine-configurator-6.4.1.jar:/home/mateus.coradini/.m2/repository/org/flowable/flowable-content-spring-configurator/6.4.1/flowable-content-spring-configurator-6.4.1.jar:/home/mateus.coradini/.m2/repository/org/flowable/flowable-content-spring/6.4.1/flowable-content-spring-6.4.1.jar:/home/mateus.coradini/.m2/repository/org/flowable/flowable-content-engine-configurator/6.4.1/flowable-content-engine-configurator-6.4.1.jar:/home/mateus.coradini/.m2/repository/org/flowable/flowable-idm-spring-configurator/6.4.1/flowable-idm-spring-configurator-6.4.1.jar:/home/mateus.coradini/.m2/repository/org/flowable/flowable-engine-common/6.4.1/flowable-engine-common-6.4.1.jar:/home/mateus.coradini/.m2/repository/org/flowable/flowable-variable-service-api/6.4.1/flowable-variable-service-api-6.4.1.jar:/home/mateus.coradini/.m2/repository/org/flowable/flowable-spring-common/6.4.1/flowable-spring-common-6.4.1.jar:/home/mateus.coradini/.m2/repository/org/flowable/flowable-idm-spring/6.4.1/flowable-idm-spring-6.4.1.jar:/home/mateus.coradini/.m2/repository/org/flowable/flowable-idm-engine-configurator/6.4.1/flowable-idm-engine-configurator-6.4.1.jar:/home/mateus.coradini/.m2/repository/org/flowable/flowable-spring-boot-starter-rest/6.4.1/flowable-spring-boot-starter-rest-6.4.1.jar:/home/mateus.coradini/.m2/repository/org/flowable/flowable-spring-boot-starter-process-rest/6.4.1/flowable-spring-boot-starter-process-rest-6.4.1.jar:/home/mateus.coradini/.m2/repository/org/flowable/flowable-rest/6.4.1/flowable-rest-6.4.1.jar:/home/mateus.coradini/.m2/repository/org/flowable/flowable-idm-rest/6.4.1/flowable-idm-rest-6.4.1.jar:/home/mateus.coradini/.m2/repository/org/flowable/flowable-spring-boot-starter-app-rest/6.4.1/flowable-spring-boot-starter-app-rest-6.4.1.jar:/home/mateus.coradini/.m2/repository/org/flowable/flowable-app-engine-rest/6.4.1/flowable-app-engine-rest-6.4.1.jar:/home/mateus.coradini/.m2/repository/org/flowable/flowable-spring-boot-starter-cmmn-rest/6.4.1/flowable-spring-boot-starter-cmmn-rest-6.4.1.jar:/home/mateus.coradini/.m2/repository/org/flowable/flowable-cmmn-rest/6.4.1/flowable-cmmn-rest-6.4.1.jar:/home/mateus.coradini/.m2/repository/org/flowable/flowable-spring-boot-starter-dmn-rest/6.4.1/flowable-spring-boot-starter-dmn-rest-6.4.1.jar:/home/mateus.coradini/.m2/repository/org/flowable/flowable-dmn-rest/6.4.1/flowable-dmn-rest-6.4.1.jar:/home/mateus.coradini/.m2/repository/org/flowable/flowable-form-rest/6.4.1/flowable-form-rest-6.4.1.jar:/home/mateus.coradini/.m2/repository/org/flowable/flowable-common-rest/6.4.1/flowable-common-rest-6.4.1.jar:/home/mateus.coradini/.m2/repository/org/flowable/flowable-form-engine/6.4.1/flowable-form-engine-6.4.1.jar:/home/mateus.coradini/.m2/repository/org/flowable/flowable-form-json-converter/6.4.1/flowable-form-json-converter-6.4.1.jar:/home/mateus.coradini/.m2/repository/commons-io/commons-io/2.6/commons-io-2.6.jar:/home/mateus.coradini/.m2/repository/javax/annotation/jsr250-api/1.0/jsr250-api-1.0.jar:/home/mateus.coradini/.m2/repository/org/apache/httpcomponents/httpcore/4.4.11/httpcore-4.4.11.jar:/home/mateus.coradini/.m2/repository/org/flowable/flowable-form-api/6.4.1/flowable-form-api-6.4.1.jar:/home/mateus.coradini/.m2/repository/javax/servlet/javax.servlet-api/4.0.1/javax.servlet-api-4.0.1.jar:/home/mateus.coradini/.m2/repository/io/swagger/swagger-annotations/1.5.21/swagger-annotations-1.5.21.jar:/home/mateus.coradini/.m2/repository/io/swagger/swagger-models/1.5.21/swagger-models-1.5.21.jar:/home/mateus.coradini/.m2/repository/org/flowable/flowable-content-rest/6.4.1/flowable-content-rest-6.4.1.jar:/home/mateus.coradini/.m2/repository/org/flowable/flowable-content-engine/6.4.1/flowable-content-engine-6.4.1.jar:/home/mateus.coradini/.m2/repository/org/slf4j/jcl-over-slf4j/1.7.26/jcl-over-slf4j-1.7.26.jar:/home/mateus.coradini/.m2/repository/org/flowable/flowable-spring-boot-starter-actuator/6.4.1/flowable-spring-boot-starter-actuator-6.4.1.jar:/home/mateus.coradini/.m2/repository/org/flowable/flowable-image-generator/6.4.1/flowable-image-generator-6.4.1.jar:/home/mateus.coradini/.m2/repository/org/slf4j/slf4j-api/1.7.26/slf4j-api-1.7.26.jar:/home/mateus.coradini/.m2/repository/org/flowable/flowable-bpmn-model/6.4.1/flowable-bpmn-model-6.4.1.jar:/home/mateus.coradini/.m2/repository/org/apache/commons/commons-lang3/3.9/commons-lang3-3.9.jar:/home/mateus.coradini/.m2/repository/com/fasterxml/jackson/core/jackson-core/2.9.9/jackson-core-2.9.9.jar:/home/mateus.coradini/.m2/repository/org/flowable/flowable-bpmn-layout/6.4.1/flowable-bpmn-layout-6.4.1.jar:/home/mateus.coradini/.m2/repository/org/tinyjee/jgraphx/jgraphx/1.10.4.1/jgraphx-1.10.4.1.jar:/home/mateus.coradini/.m2/repository/org/springframework/boot/spring-boot-starter-actuator/2.2.0.BUILD-SNAPSHOT/spring-boot-starter-actuator-2.2.0.BUILD-SNAPSHOT.jar:/home/mateus.coradini/.m2/repository/org/springframework/boot/spring-boot-actuator-autoconfigure/2.2.0.BUILD-SNAPSHOT/spring-boot-actuator-autoconfigure-2.2.0.BUILD-SNAPSHOT.jar:/home/mateus.coradini/.m2/repository/org/springframework/boot/spring-boot-actuator/2.2.0.BUILD-SNAPSHOT/spring-boot-actuator-2.2.0.BUILD-SNAPSHOT.jar:/home/mateus.coradini/.m2/repository/io/micrometer/micrometer-core/1.1.4/micrometer-core-1.1.4.jar:/home/mateus.coradini/.m2/repository/org/hdrhistogram/HdrHistogram/2.1.9/HdrHistogram-2.1.9.jar:/home/mateus.coradini/.m2/repository/org/latencyutils/LatencyUtils/2.0.3/LatencyUtils-2.0.3.jar:/home/mateus.coradini/.m2/repository/org/springframework/boot/spring-boot-starter-test/2.2.0.BUILD-SNAPSHOT/spring-boot-starter-test-2.2.0.BUILD-SNAPSHOT.jar:/home/mateus.coradini/.m2/repository/org/springframework/boot/spring-boot-test/2.2.0.BUILD-SNAPSHOT/spring-boot-test-2.2.0.BUILD-SNAPSHOT.jar:/home/mateus.coradini/.m2/repository/org/springframework/boot/spring-boot-test-autoconfigure/2.2.0.BUILD-SNAPSHOT/spring-boot-test-autoconfigure-2.2.0.BUILD-SNAPSHOT.jar:/home/mateus.coradini/.m2/repository/com/jayway/jsonpath/json-path/2.4.0/json-path-2.4.0.jar:/home/mateus.coradini/.m2/repository/net/minidev/json-smart/2.3/json-smart-2.3.jar:/home/mateus.coradini/.m2/repository/net/minidev/accessors-smart/1.2/accessors-smart-1.2.jar:/home/mateus.coradini/.m2/repository/org/ow2/asm/asm/5.0.4/asm-5.0.4.jar:/home/mateus.coradini/.m2/repository/jakarta/xml/bind/jakarta.xml.bind-api/2.3.2/jakarta.xml.bind-api-2.3.2.jar:/home/mateus.coradini/.m2/repository/jakarta/activation/jakarta.activation-api/1.2.1/jakarta.activation-api-1.2.1.jar:/home/mateus.coradini/.m2/repository/org/junit/jupiter/junit-jupiter/5.4.2/junit-jupiter-5.4.2.jar:/home/mateus.coradini/.m2/repository/org/junit/jupiter/junit-jupiter-params/5.4.2/junit-jupiter-params-5.4.2.jar:/home/mateus.coradini/.m2/repository/org/junit/vintage/junit-vintage-engine/5.4.2/junit-vintage-engine-5.4.2.jar:/home/mateus.coradini/.m2/repository/junit/junit/4.12/junit-4.12.jar:/home/mateus.coradini/.m2/repository/org/mockito/mockito-junit-jupiter/2.27.0/mockito-junit-jupiter-2.27.0.jar:/home/mateus.coradini/.m2/repository/org/assertj/assertj-core/3.12.2/assertj-core-3.12.2.jar:/home/mateus.coradini/.m2/repository/org/hamcrest/hamcrest/2.1/hamcrest-2.1.jar:/home/mateus.coradini/.m2/repository/org/mockito/mockito-core/2.27.0/mockito-core-2.27.0.jar:/home/mateus.coradini/.m2/repository/net/bytebuddy/byte-buddy/1.9.12/byte-buddy-1.9.12.jar:/home/mateus.coradini/.m2/repository/net/bytebuddy/byte-buddy-agent/1.9.12/byte-buddy-agent-1.9.12.jar:/home/mateus.coradini/.m2/repository/org/objenesis/objenesis/2.6/objenesis-2.6.jar:/home/mateus.coradini/.m2/repository/org/skyscreamer/jsonassert/1.5.0/jsonassert-1.5.0.jar:/home/mateus.coradini/.m2/repository/com/vaadin/external/google/android-json/0.0.20131108.vaadin1/android-json-0.0.20131108.vaadin1.jar:/home/mateus.coradini/.m2/repository/org/springframework/spring-core/5.2.0.BUILD-SNAPSHOT/spring-core-5.2.0.BUILD-SNAPSHOT.jar:/home/mateus.coradini/.m2/repository/org/springframework/spring-jcl/5.2.0.BUILD-SNAPSHOT/spring-jcl-5.2.0.BUILD-SNAPSHOT.jar:/home/mateus.coradini/.m2/repository/org/springframework/spring-test/5.2.0.BUILD-SNAPSHOT/spring-test-5.2.0.BUILD-SNAPSHOT.jar:/home/mateus.coradini/.m2/repository/org/xmlunit/xmlunit-core/2.6.2/xmlunit-core-2.6.2.jar:/home/mateus.coradini/.m2/repository/org/junit/jupiter/junit-jupiter-engine/5.4.2/junit-jupiter-engine-5.4.2.jar:/home/mateus.coradini/.m2/repository/org/apiguardian/apiguardian-api/1.0.0/apiguardian-api-1.0.0.jar:/home/mateus.coradini/.m2/repository/org/junit/platform/junit-platform-engine/1.4.2/junit-platform-engine-1.4.2.jar:/home/mateus.coradini/.m2/repository/org/opentest4j/opentest4j/1.1.1/opentest4j-1.1.1.jar:/home/mateus.coradini/.m2/repository/org/junit/platform/junit-platform-commons/1.4.2/junit-platform-commons-1.4.2.jar:/home/mateus.coradini/.m2/repository/org/junit/jupiter/junit-jupiter-api/5.4.2/junit-jupiter-api-5.4.2.jar:/home/mateus.coradini/.m2/repository/com/h2database/h2/1.4.199/h2-1.4.199.jar:"/>
    <property name="java.vm.vendor" value="Oracle Corporation"/>
    <property name="sun.arch.data.model" value="64"/>
    <property name="java.vendor.url" value="http://java.oracle.com/"/>
    <property name="user.timezone" value=""/>
    <property name="java.vm.specification.version" value="1.8"/>
    <property name="os.name" value="Linux"/>
    <property name="user.country" value="BR"/>
    <property name="sun.java.launcher" value="SUN_STANDARD"/>
    <property name="sun.boot.library.path" value="/usr/java/jdk1.8.0_201/jre/lib/amd64"/>
    <property name="sun.java.command" value="/home/mateus.coradini/projects/dafiti/spring-flowable-example/target/surefire/surefirebooter3752805278129499591.jar /home/mateus.coradini/projects/dafiti/spring-flowable-example/target/surefire 2019-06-10T14-15-00_337-jvmRun1 surefire4181697484686595677tmp surefire_01865974306354307149tmp"/>
    <property name="surefire.test.class.path" value="/home/mateus.coradini/projects/dafiti/spring-flowable-example/target/test-classes:/home/mateus.coradini/projects/dafiti/spring-flowable-example/target/classes:/home/mateus.coradini/.m2/repository/org/springframework/boot/spring-boot-starter-web/2.2.0.BUILD-SNAPSHOT/spring-boot-starter-web-2.2.0.BUILD-SNAPSHOT.jar:/home/mateus.coradini/.m2/repository/org/springframework/boot/spring-boot-starter/2.2.0.BUILD-SNAPSHOT/spring-boot-starter-2.2.0.BUILD-SNAPSHOT.jar:/home/mateus.coradini/.m2/repository/org/springframework/boot/spring-boot/2.2.0.BUILD-SNAPSHOT/spring-boot-2.2.0.BUILD-SNAPSHOT.jar:/home/mateus.coradini/.m2/repository/org/springframework/boot/spring-boot-autoconfigure/2.2.0.BUILD-SNAPSHOT/spring-boot-autoconfigure-2.2.0.BUILD-SNAPSHOT.jar:/home/mateus.coradini/.m2/repository/org/springframework/boot/spring-boot-starter-logging/2.2.0.BUILD-SNAPSHOT/spring-boot-starter-logging-2.2.0.BUILD-SNAPSHOT.jar:/home/mateus.coradini/.m2/repository/ch/qos/logback/logback-classic/1.2.3/logback-classic-1.2.3.jar:/home/mateus.coradini/.m2/repository/ch/qos/logback/logback-core/1.2.3/logback-core-1.2.3.jar:/home/mateus.coradini/.m2/repository/org/apache/logging/log4j/log4j-to-slf4j/2.11.2/log4j-to-slf4j-2.11.2.jar:/home/mateus.coradini/.m2/repository/org/apache/logging/log4j/log4j-api/2.11.2/log4j-api-2.11.2.jar:/home/mateus.coradini/.m2/repository/org/slf4j/jul-to-slf4j/1.7.26/jul-to-slf4j-1.7.26.jar:/home/mateus.coradini/.m2/repository/jakarta/annotation/jakarta.annotation-api/1.3.4/jakarta.annotation-api-1.3.4.jar:/home/mateus.coradini/.m2/repository/org/yaml/snakeyaml/1.24/snakeyaml-1.24.jar:/home/mateus.coradini/.m2/repository/org/springframework/boot/spring-boot-starter-json/2.2.0.BUILD-SNAPSHOT/spring-boot-starter-json-2.2.0.BUILD-SNAPSHOT.jar:/home/mateus.coradini/.m2/repository/com/fasterxml/jackson/core/jackson-databind/2.9.9/jackson-databind-2.9.9.jar:/home/mateus.coradini/.m2/repository/com/fasterxml/jackson/core/jackson-annotations/2.9.0/jackson-annotations-2.9.0.jar:/home/mateus.coradini/.m2/repository/com/fasterxml/jackson/datatype/jackson-datatype-jdk8/2.9.9/jackson-datatype-jdk8-2.9.9.jar:/home/mateus.coradini/.m2/repository/com/fasterxml/jackson/datatype/jackson-datatype-jsr310/2.9.9/jackson-datatype-jsr310-2.9.9.jar:/home/mateus.coradini/.m2/repository/com/fasterxml/jackson/module/jackson-module-parameter-names/2.9.9/jackson-module-parameter-names-2.9.9.jar:/home/mateus.coradini/.m2/repository/org/springframework/boot/spring-boot-starter-tomcat/2.2.0.BUILD-SNAPSHOT/spring-boot-starter-tomcat-2.2.0.BUILD-SNAPSHOT.jar:/home/mateus.coradini/.m2/repository/org/apache/tomcat/embed/tomcat-embed-core/9.0.20/tomcat-embed-core-9.0.20.jar:/home/mateus.coradini/.m2/repository/org/apache/tomcat/embed/tomcat-embed-el/9.0.20/tomcat-embed-el-9.0.20.jar:/home/mateus.coradini/.m2/repository/org/apache/tomcat/embed/tomcat-embed-websocket/9.0.20/tomcat-embed-websocket-9.0.20.jar:/home/mateus.coradini/.m2/repository/org/springframework/boot/spring-boot-starter-validation/2.2.0.BUILD-SNAPSHOT/spring-boot-starter-validation-2.2.0.BUILD-SNAPSHOT.jar:/home/mateus.coradini/.m2/repository/jakarta/validation/jakarta.validation-api/2.0.1/jakarta.validation-api-2.0.1.jar:/home/mateus.coradini/.m2/repository/org/hibernate/validator/hibernate-validator/6.0.16.Final/hibernate-validator-6.0.16.Final.jar:/home/mateus.coradini/.m2/repository/org/jboss/logging/jboss-logging/3.4.0.Final/jboss-logging-3.4.0.Final.jar:/home/mateus.coradini/.m2/repository/com/fasterxml/classmate/1.5.0/classmate-1.5.0.jar:/home/mateus.coradini/.m2/repository/org/springframework/spring-web/5.2.0.BUILD-SNAPSHOT/spring-web-5.2.0.BUILD-SNAPSHOT.jar:/home/mateus.coradini/.m2/repository/org/springframework/spring-beans/5.2.0.BUILD-SNAPSHOT/spring-beans-5.2.0.BUILD-SNAPSHOT.jar:/home/mateus.coradini/.m2/repository/org/springframework/spring-webmvc/5.2.0.BUILD-SNAPSHOT/spring-webmvc-5.2.0.BUILD-SNAPSHOT.jar:/home/mateus.coradini/.m2/repository/org/springframework/spring-aop/5.2.0.BUILD-SNAPSHOT/spring-aop-5.2.0.BUILD-SNAPSHOT.jar:/home/mateus.coradini/.m2/repository/org/springframework/spring-context/5.2.0.BUILD-SNAPSHOT/spring-context-5.2.0.BUILD-SNAPSHOT.jar:/home/mateus.coradini/.m2/repository/org/springframework/spring-expression/5.2.0.BUILD-SNAPSHOT/spring-expression-5.2.0.BUILD-SNAPSHOT.jar:/home/mateus.coradini/.m2/repository/org/flowable/flowable-spring-boot-starter/6.4.1/flowable-spring-boot-starter-6.4.1.jar:/home/mateus.coradini/.m2/repository/org/flowable/flowable-spring-boot-autoconfigure/6.4.1/flowable-spring-boot-autoconfigure-6.4.1.jar:/home/mateus.coradini/.m2/repository/org/flowable/flowable-spring-security/6.4.1/flowable-spring-security-6.4.1.jar:/home/mateus.coradini/.m2/repository/org/flowable/flowable-engine-common-api/6.4.1/flowable-engine-common-api-6.4.1.jar:/home/mateus.coradini/.m2/repository/org/flowable/flowable-idm-api/6.4.1/flowable-idm-api-6.4.1.jar:/home/mateus.coradini/.m2/repository/org/flowable/flowable-spring-boot-starter-app/6.4.1/flowable-spring-boot-starter-app-6.4.1.jar:/home/mateus.coradini/.m2/repository/org/flowable/flowable-app-engine/6.4.1/flowable-app-engine-6.4.1.jar:/home/mateus.coradini/.m2/repository/org/flowable/flowable-app-engine-api/6.4.1/flowable-app-engine-api-6.4.1.jar:/home/mateus.coradini/.m2/repository/org/flowable/flowable-idm-engine/6.4.1/flowable-idm-engine-6.4.1.jar:/home/mateus.coradini/.m2/repository/commons-codec/commons-codec/1.12/commons-codec-1.12.jar:/home/mateus.coradini/.m2/repository/org/flowable/flowable-variable-service/6.4.1/flowable-variable-service-6.4.1.jar:/home/mateus.coradini/.m2/repository/org/flowable/flowable-identitylink-service/6.4.1/flowable-identitylink-service-6.4.1.jar:/home/mateus.coradini/.m2/repository/org/flowable/flowable-identitylink-service-api/6.4.1/flowable-identitylink-service-api-6.4.1.jar:/home/mateus.coradini/.m2/repository/org/liquibase/liquibase-core/3.6.3/liquibase-core-3.6.3.jar:/home/mateus.coradini/.m2/repository/com/fasterxml/uuid/java-uuid-generator/3.1.5/java-uuid-generator-3.1.5.jar:/home/mateus.coradini/.m2/repository/org/flowable/flowable-dmn-api/6.4.1/flowable-dmn-api-6.4.1.jar:/home/mateus.coradini/.m2/repository/org/flowable/flowable-app-engine-spring/6.4.1/flowable-app-engine-spring-6.4.1.jar:/home/mateus.coradini/.m2/repository/org/springframework/spring-tx/5.2.0.BUILD-SNAPSHOT/spring-tx-5.2.0.BUILD-SNAPSHOT.jar:/home/mateus.coradini/.m2/repository/org/flowable/flowable-spring-boot-starter-process/6.4.1/flowable-spring-boot-starter-process-6.4.1.jar:/home/mateus.coradini/.m2/repository/org/flowable/flowable-engine/6.4.1/flowable-engine-6.4.1.jar:/home/mateus.coradini/.m2/repository/org/flowable/flowable-bpmn-converter/6.4.1/flowable-bpmn-converter-6.4.1.jar:/home/mateus.coradini/.m2/repository/org/flowable/flowable-process-validation/6.4.1/flowable-process-validation-6.4.1.jar:/home/mateus.coradini/.m2/repository/org/flowable/flowable-entitylink-service/6.4.1/flowable-entitylink-service-6.4.1.jar:/home/mateus.coradini/.m2/repository/org/flowable/flowable-entitylink-service-api/6.4.1/flowable-entitylink-service-api-6.4.1.jar:/home/mateus.coradini/.m2/repository/org/flowable/flowable-task-service/6.4.1/flowable-task-service-6.4.1.jar:/home/mateus.coradini/.m2/repository/org/flowable/flowable-task-service-api/6.4.1/flowable-task-service-api-6.4.1.jar:/home/mateus.coradini/.m2/repository/org/flowable/flowable-job-service/6.4.1/flowable-job-service-6.4.1.jar:/home/mateus.coradini/.m2/repository/org/flowable/flowable-job-service-api/6.4.1/flowable-job-service-api-6.4.1.jar:/home/mateus.coradini/.m2/repository/org/flowable/flowable-cmmn-api/6.4.1/flowable-cmmn-api-6.4.1.jar:/home/mateus.coradini/.m2/repository/org/flowable/flowable-cmmn-model/6.4.1/flowable-cmmn-model-6.4.1.jar:/home/mateus.coradini/.m2/repository/org/flowable/flowable-form-model/6.4.1/flowable-form-model-6.4.1.jar:/home/mateus.coradini/.m2/repository/org/flowable/flowable-content-api/6.4.1/flowable-content-api-6.4.1.jar:/home/mateus.coradini/.m2/repository/org/apache/commons/commons-email/1.5/commons-email-1.5.jar:/home/mateus.coradini/.m2/repository/com/sun/mail/javax.mail/1.5.6/javax.mail-1.5.6.jar:/home/mateus.coradini/.m2/repository/javax/activation/activation/1.1/activation-1.1.jar:/home/mateus.coradini/.m2/repository/org/mybatis/mybatis/3.4.6/mybatis-3.4.6.jar:/home/mateus.coradini/.m2/repository/joda-time/joda-time/2.10.2/joda-time-2.10.2.jar:/home/mateus.coradini/.m2/repository/org/flowable/flowable-spring/6.4.1/flowable-spring-6.4.1.jar:/home/mateus.coradini/.m2/repository/org/flowable/flowable-job-spring-service/6.4.1/flowable-job-spring-service-6.4.1.jar:/home/mateus.coradini/.m2/repository/org/springframework/spring-orm/5.2.0.BUILD-SNAPSHOT/spring-orm-5.2.0.BUILD-SNAPSHOT.jar:/home/mateus.coradini/.m2/repository/org/flowable/flowable-spring-boot-starter-cmmn/6.4.1/flowable-spring-boot-starter-cmmn-6.4.1.jar:/home/mateus.coradini/.m2/repository/org/flowable/flowable-cmmn-engine/6.4.1/flowable-cmmn-engine-6.4.1.jar:/home/mateus.coradini/.m2/repository/org/flowable/flowable-cmmn-image-generator/6.4.1/flowable-cmmn-image-generator-6.4.1.jar:/home/mateus.coradini/.m2/repository/org/flowable/flowable-cmmn-converter/6.4.1/flowable-cmmn-converter-6.4.1.jar:/home/mateus.coradini/.m2/repository/org/flowable/flowable-cmmn-spring/6.4.1/flowable-cmmn-spring-6.4.1.jar:/home/mateus.coradini/.m2/repository/org/flowable/flowable-spring-boot-starter-dmn/6.4.1/flowable-spring-boot-starter-dmn-6.4.1.jar:/home/mateus.coradini/.m2/repository/org/flowable/flowable-dmn-engine/6.4.1/flowable-dmn-engine-6.4.1.jar:/home/mateus.coradini/.m2/repository/org/flowable/flowable-dmn-model/6.4.1/flowable-dmn-model-6.4.1.jar:/home/mateus.coradini/.m2/repository/org/flowable/flowable-dmn-xml-converter/6.4.1/flowable-dmn-xml-converter-6.4.1.jar:/home/mateus.coradini/.m2/repository/commons-logging/commons-logging/1.2/commons-logging-1.2.jar:/home/mateus.coradini/.m2/repository/org/flowable/flowable-dmn-spring/6.4.1/flowable-dmn-spring-6.4.1.jar:/home/mateus.coradini/.m2/repository/org/springframework/boot/spring-boot-starter-jdbc/2.2.0.BUILD-SNAPSHOT/spring-boot-starter-jdbc-2.2.0.BUILD-SNAPSHOT.jar:/home/mateus.coradini/.m2/repository/com/zaxxer/HikariCP/3.3.1/HikariCP-3.3.1.jar:/home/mateus.coradini/.m2/repository/org/springframework/spring-jdbc/5.2.0.BUILD-SNAPSHOT/spring-jdbc-5.2.0.BUILD-SNAPSHOT.jar:/home/mateus.coradini/.m2/repository/org/flowable/flowable-spring-configurator/6.4.1/flowable-spring-configurator-6.4.1.jar:/home/mateus.coradini/.m2/repository/org/flowable/flowable-engine-configurator/6.4.1/flowable-engine-configurator-6.4.1.jar:/home/mateus.coradini/.m2/repository/org/flowable/flowable-cmmn-spring-configurator/6.4.1/flowable-cmmn-spring-configurator-6.4.1.jar:/home/mateus.coradini/.m2/repository/org/flowable/flowable-cmmn-engine-configurator/6.4.1/flowable-cmmn-engine-configurator-6.4.1.jar:/home/mateus.coradini/.m2/repository/org/flowable/flowable-dmn-spring-configurator/6.4.1/flowable-dmn-spring-configurator-6.4.1.jar:/home/mateus.coradini/.m2/repository/org/flowable/flowable-dmn-engine-configurator/6.4.1/flowable-dmn-engine-configurator-6.4.1.jar:/home/mateus.coradini/.m2/repository/org/flowable/flowable-form-spring-configurator/6.4.1/flowable-form-spring-configurator-6.4.1.jar:/home/mateus.coradini/.m2/repository/org/flowable/flowable-form-spring/6.4.1/flowable-form-spring-6.4.1.jar:/home/mateus.coradini/.m2/repository/org/flowable/flowable-form-engine-configurator/6.4.1/flowable-form-engine-configurator-6.4.1.jar:/home/mateus.coradini/.m2/repository/org/flowable/flowable-content-spring-configurator/6.4.1/flowable-content-spring-configurator-6.4.1.jar:/home/mateus.coradini/.m2/repository/org/flowable/flowable-content-spring/6.4.1/flowable-content-spring-6.4.1.jar:/home/mateus.coradini/.m2/repository/org/flowable/flowable-content-engine-configurator/6.4.1/flowable-content-engine-configurator-6.4.1.jar:/home/mateus.coradini/.m2/repository/org/flowable/flowable-idm-spring-configurator/6.4.1/flowable-idm-spring-configurator-6.4.1.jar:/home/mateus.coradini/.m2/repository/org/flowable/flowable-engine-common/6.4.1/flowable-engine-common-6.4.1.jar:/home/mateus.coradini/.m2/repository/org/flowable/flowable-variable-service-api/6.4.1/flowable-variable-service-api-6.4.1.jar:/home/mateus.coradini/.m2/repository/org/flowable/flowable-spring-common/6.4.1/flowable-spring-common-6.4.1.jar:/home/mateus.coradini/.m2/repository/org/flowable/flowable-idm-spring/6.4.1/flowable-idm-spring-6.4.1.jar:/home/mateus.coradini/.m2/repository/org/flowable/flowable-idm-engine-configurator/6.4.1/flowable-idm-engine-configurator-6.4.1.jar:/home/mateus.coradini/.m2/repository/org/flowable/flowable-spring-boot-starter-rest/6.4.1/flowable-spring-boot-starter-rest-6.4.1.jar:/home/mateus.coradini/.m2/repository/org/flowable/flowable-spring-boot-starter-process-rest/6.4.1/flowable-spring-boot-starter-process-rest-6.4.1.jar:/home/mateus.coradini/.m2/repository/org/flowable/flowable-rest/6.4.1/flowable-rest-6.4.1.jar:/home/mateus.coradini/.m2/repository/org/flowable/flowable-idm-rest/6.4.1/flowable-idm-rest-6.4.1.jar:/home/mateus.coradini/.m2/repository/org/flowable/flowable-spring-boot-starter-app-rest/6.4.1/flowable-spring-boot-starter-app-rest-6.4.1.jar:/home/mateus.coradini/.m2/repository/org/flowable/flowable-app-engine-rest/6.4.1/flowable-app-engine-rest-6.4.1.jar:/home/mateus.coradini/.m2/repository/org/flowable/flowable-spring-boot-starter-cmmn-rest/6.4.1/flowable-spring-boot-starter-cmmn-rest-6.4.1.jar:/home/mateus.coradini/.m2/repository/org/flowable/flowable-cmmn-rest/6.4.1/flowable-cmmn-rest-6.4.1.jar:/home/mateus.coradini/.m2/repository/org/flowable/flowable-spring-boot-starter-dmn-rest/6.4.1/flowable-spring-boot-starter-dmn-rest-6.4.1.jar:/home/mateus.coradini/.m2/repository/org/flowable/flowable-dmn-rest/6.4.1/flowable-dmn-rest-6.4.1.jar:/home/mateus.coradini/.m2/repository/org/flowable/flowable-form-rest/6.4.1/flowable-form-rest-6.4.1.jar:/home/mateus.coradini/.m2/repository/org/flowable/flowable-common-rest/6.4.1/flowable-common-rest-6.4.1.jar:/home/mateus.coradini/.m2/repository/org/flowable/flowable-form-engine/6.4.1/flowable-form-engine-6.4.1.jar:/home/mateus.coradini/.m2/repository/org/flowable/flowable-form-json-converter/6.4.1/flowable-form-json-converter-6.4.1.jar:/home/mateus.coradini/.m2/repository/commons-io/commons-io/2.6/commons-io-2.6.jar:/home/mateus.coradini/.m2/repository/javax/annotation/jsr250-api/1.0/jsr250-api-1.0.jar:/home/mateus.coradini/.m2/repository/org/apache/httpcomponents/httpcore/4.4.11/httpcore-4.4.11.jar:/home/mateus.coradini/.m2/repository/org/flowable/flowable-form-api/6.4.1/flowable-form-api-6.4.1.jar:/home/mateus.coradini/.m2/repository/javax/servlet/javax.servlet-api/4.0.1/javax.servlet-api-4.0.1.jar:/home/mateus.coradini/.m2/repository/io/swagger/swagger-annotations/1.5.21/swagger-annotations-1.5.21.jar:/home/mateus.coradini/.m2/repository/io/swagger/swagger-models/1.5.21/swagger-models-1.5.21.jar:/home/mateus.coradini/.m2/repository/org/flowable/flowable-content-rest/6.4.1/flowable-content-rest-6.4.1.jar:/home/mateus.coradini/.m2/repository/org/flowable/flowable-content-engine/6.4.1/flowable-content-engine-6.4.1.jar:/home/mateus.coradini/.m2/repository/org/slf4j/jcl-over-slf4j/1.7.26/jcl-over-slf4j-1.7.26.jar:/home/mateus.coradini/.m2/repository/org/flowable/flowable-spring-boot-starter-actuator/6.4.1/flowable-spring-boot-starter-actuator-6.4.1.jar:/home/mateus.coradini/.m2/repository/org/flowable/flowable-image-generator/6.4.1/flowable-image-generator-6.4.1.jar:/home/mateus.coradini/.m2/repository/org/slf4j/slf4j-api/1.7.26/slf4j-api-1.7.26.jar:/home/mateus.coradini/.m2/repository/org/flowable/flowable-bpmn-model/6.4.1/flowable-bpmn-model-6.4.1.jar:/home/mateus.coradini/.m2/repository/org/apache/commons/commons-lang3/3.9/commons-lang3-3.9.jar:/home/mateus.coradini/.m2/repository/com/fasterxml/jackson/core/jackson-core/2.9.9/jackson-core-2.9.9.jar:/home/mateus.coradini/.m2/repository/org/flowable/flowable-bpmn-layout/6.4.1/flowable-bpmn-layout-6.4.1.jar:/home/mateus.coradini/.m2/repository/org/tinyjee/jgraphx/jgraphx/1.10.4.1/jgraphx-1.10.4.1.jar:/home/mateus.coradini/.m2/repository/org/springframework/boot/spring-boot-starter-actuator/2.2.0.BUILD-SNAPSHOT/spring-boot-starter-actuator-2.2.0.BUILD-SNAPSHOT.jar:/home/mateus.coradini/.m2/repository/org/springframework/boot/spring-boot-actuator-autoconfigure/2.2.0.BUILD-SNAPSHOT/spring-boot-actuator-autoconfigure-2.2.0.BUILD-SNAPSHOT.jar:/home/mateus.coradini/.m2/repository/org/springframework/boot/spring-boot-actuator/2.2.0.BUILD-SNAPSHOT/spring-boot-actuator-2.2.0.BUILD-SNAPSHOT.jar:/home/mateus.coradini/.m2/repository/io/micrometer/micrometer-core/1.1.4/micrometer-core-1.1.4.jar:/home/mateus.coradini/.m2/repository/org/hdrhistogram/HdrHistogram/2.1.9/HdrHistogram-2.1.9.jar:/home/mateus.coradini/.m2/repository/org/latencyutils/LatencyUtils/2.0.3/LatencyUtils-2.0.3.jar:/home/mateus.coradini/.m2/repository/org/springframework/boot/spring-boot-starter-test/2.2.0.BUILD-SNAPSHOT/spring-boot-starter-test-2.2.0.BUILD-SNAPSHOT.jar:/home/mateus.coradini/.m2/repository/org/springframework/boot/spring-boot-test/2.2.0.BUILD-SNAPSHOT/spring-boot-test-2.2.0.BUILD-SNAPSHOT.jar:/home/mateus.coradini/.m2/repository/org/springframework/boot/spring-boot-test-autoconfigure/2.2.0.BUILD-SNAPSHOT/spring-boot-test-autoconfigure-2.2.0.BUILD-SNAPSHOT.jar:/home/mateus.coradini/.m2/repository/com/jayway/jsonpath/json-path/2.4.0/json-path-2.4.0.jar:/home/mateus.coradini/.m2/repository/net/minidev/json-smart/2.3/json-smart-2.3.jar:/home/mateus.coradini/.m2/repository/net/minidev/accessors-smart/1.2/accessors-smart-1.2.jar:/home/mateus.coradini/.m2/repository/org/ow2/asm/asm/5.0.4/asm-5.0.4.jar:/home/mateus.coradini/.m2/repository/jakarta/xml/bind/jakarta.xml.bind-api/2.3.2/jakarta.xml.bind-api-2.3.2.jar:/home/mateus.coradini/.m2/repository/jakarta/activation/jakarta.activation-api/1.2.1/jakarta.activation-api-1.2.1.jar:/home/mateus.coradini/.m2/repository/org/junit/jupiter/junit-jupiter/5.4.2/junit-jupiter-5.4.2.jar:/home/mateus.coradini/.m2/repository/org/junit/jupiter/junit-jupiter-params/5.4.2/junit-jupiter-params-5.4.2.jar:/home/mateus.coradini/.m2/repository/org/junit/vintage/junit-vintage-engine/5.4.2/junit-vintage-engine-5.4.2.jar:/home/mateus.coradini/.m2/repository/junit/junit/4.12/junit-4.12.jar:/home/mateus.coradini/.m2/repository/org/mockito/mockito-junit-jupiter/2.27.0/mockito-junit-jupiter-2.27.0.jar:/home/mateus.coradini/.m2/repository/org/assertj/assertj-core/3.12.2/assertj-core-3.12.2.jar:/home/mateus.coradini/.m2/repository/org/hamcrest/hamcrest/2.1/hamcrest-2.1.jar:/home/mateus.coradini/.m2/repository/org/mockito/mockito-core/2.27.0/mockito-core-2.27.0.jar:/home/mateus.coradini/.m2/repository/net/bytebuddy/byte-buddy/1.9.12/byte-buddy-1.9.12.jar:/home/mateus.coradini/.m2/repository/net/bytebuddy/byte-buddy-agent/1.9.12/byte-buddy-agent-1.9.12.jar:/home/mateus.coradini/.m2/repository/org/objenesis/objenesis/2.6/objenesis-2.6.jar:/home/mateus.coradini/.m2/repository/org/skyscreamer/jsonassert/1.5.0/jsonassert-1.5.0.jar:/home/mateus.coradini/.m2/repository/com/vaadin/external/google/android-json/0.0.20131108.vaadin1/android-json-0.0.20131108.vaadin1.jar:/home/mateus.coradini/.m2/repository/org/springframework/spring-core/5.2.0.BUILD-SNAPSHOT/spring-core-5.2.0.BUILD-SNAPSHOT.jar:/home/mateus.coradini/.m2/repository/org/springframework/spring-jcl/5.2.0.BUILD-SNAPSHOT/spring-jcl-5.2.0.BUILD-SNAPSHOT.jar:/home/mateus.coradini/.m2/repository/org/springframework/spring-test/5.2.0.BUILD-SNAPSHOT/spring-test-5.2.0.BUILD-SNAPSHOT.jar:/home/mateus.coradini/.m2/repository/org/xmlunit/xmlunit-core/2.6.2/xmlunit-core-2.6.2.jar:/home/mateus.coradini/.m2/repository/org/junit/jupiter/junit-jupiter-engine/5.4.2/junit-jupiter-engine-5.4.2.jar:/home/mateus.coradini/.m2/repository/org/apiguardian/apiguardian-api/1.0.0/apiguardian-api-1.0.0.jar:/home/mateus.coradini/.m2/repository/org/junit/platform/junit-platform-engine/1.4.2/junit-platform-engine-1.4.2.jar:/home/mateus.coradini/.m2/repository/org/opentest4j/opentest4j/1.1.1/opentest4j-1.1.1.jar:/home/mateus.coradini/.m2/repository/org/junit/platform/junit-platform-commons/1.4.2/junit-platform-commons-1.4.2.jar:/home/mateus.coradini/.m2/repository/org/junit/jupiter/junit-jupiter-api/5.4.2/junit-jupiter-api-5.4.2.jar:/home/mateus.coradini/.m2/repository/com/h2database/h2/1.4.199/h2-1.4.199.jar:"/>
    <property name="sun.cpu.endian" value="little"/>
    <property name="user.home" value="/home/mateus.coradini"/>
    <property name="user.language" value="pt"/>
    <property name="java.specification.vendor" value="Oracle Corporation"/>
    <property name="java.home" value="/usr/java/jdk1.8.0_201/jre"/>
    <property name="basedir" value="/home/mateus.coradini/projects/dafiti/spring-flowable-example"/>
    <property name="file.separator" value="/"/>
    <property name="line.separator" value="&#10;"/>
    <property name="java.vm.specification.vendor" value="Oracle Corporation"/>
    <property name="java.specification.name" value="Java Platform API Specification"/>
    <property name="java.awt.graphicsenv" value="sun.awt.X11GraphicsEnvironment"/>
    <property name="surefire.real.class.path" value="/home/mateus.coradini/projects/dafiti/spring-flowable-example/target/surefire/surefirebooter3752805278129499591.jar"/>
    <property name="sun.boot.class.path" value="/usr/java/jdk1.8.0_201/jre/lib/resources.jar:/usr/java/jdk1.8.0_201/jre/lib/rt.jar:/usr/java/jdk1.8.0_201/jre/lib/sunrsasign.jar:/usr/java/jdk1.8.0_201/jre/lib/jsse.jar:/usr/java/jdk1.8.0_201/jre/lib/jce.jar:/usr/java/jdk1.8.0_201/jre/lib/charsets.jar:/usr/java/jdk1.8.0_201/jre/lib/jfr.jar:/usr/java/jdk1.8.0_201/jre/classes"/>
    <property name="sun.management.compiler" value="HotSpot 64-Bit Tiered Compilers"/>
    <property name="java.runtime.version" value="1.8.0_201-b09"/>
    <property name="user.name" value="mateus.coradini"/>
    <property name="path.separator" value=":"/>
    <property name="os.version" value="4.15.0-50-generic"/>
    <property name="java.endorsed.dirs" value="/usr/java/jdk1.8.0_201/jre/lib/endorsed"/>
    <property name="java.runtime.name" value="Java(TM) SE Runtime Environment"/>
    <property name="file.encoding" value="UTF-8"/>
    <property name="java.vm.name" value="Java HotSpot(TM) 64-Bit Server VM"/>
    <property name="localRepository" value="/home/mateus.coradini/.m2/repository"/>
    <property name="java.vendor.url.bug" value="http://bugreport.sun.com/bugreport/"/>
    <property name="java.io.tmpdir" value="/tmp"/>
    <property name="java.version" value="1.8.0_201"/>
    <property name="user.dir" value="/home/mateus.coradini/projects/dafiti/spring-flowable-example"/>
    <property name="os.arch" value="amd64"/>
    <property name="java.vm.specification.name" value="Java Virtual Machine Specification"/>
    <property name="java.awt.printerjob" value="sun.print.PSPrinterJob"/>
    <property name="sun.os.patch.level" value="unknown"/>
    <property name="java.library.path" value="/usr/java/packages/lib/amd64:/usr/lib64:/lib64:/lib:/usr/lib"/>
    <property name="java.vm.info" value="mixed mode"/>
    <property name="java.vendor" value="Oracle Corporation"/>
    <property name="java.vm.version" value="25.201-b09"/>
    <property name="java.ext.dirs" value="/usr/java/jdk1.8.0_201/jre/lib/ext:/usr/java/packages/lib/ext"/>
    <property name="sun.io.unicode.encoding" value="UnicodeLittle"/>
    <property name="java.class.version" value="52.0"/>
  </properties>
  <testcase name="articleApprovalTest" classname="br.com.coradini.springflowableexample.ArticleWorkflowIntegrationTest" time="0.23"/>
</testsuite>